C:\Program Files\Microsoft Visual Studio\2019\Community\MSBuild\Microsoft\VC\v160\Microsoft.CppBuild.targets(467,5): warning MSB8028: The intermediate directory (Release-Nvidia\) contains files shared from another project (TrainingFramework.vcxproj).  This can lead to incorrect clean and rebuild behavior.
  Application.cpp
  ResourceManagers.cpp
  Font.cpp
  GameButton.cpp
  Sprite2D.cpp
E:\Project2-Tetris\TrainingFramework\src\GameObject\Sprite2D.cpp(143,11): warning C4244: 'initializing': conversion from 'double' to 'float', possible loss of data
E:\Project2-Tetris\TrainingFramework\src\GameObject\Sprite2D.cpp(144,11): warning C4244: 'initializing': conversion from 'double' to 'float', possible loss of data
E:\Project2-Tetris\TrainingFramework\src\GameObject\Sprite2D.cpp(154,11): warning C4244: 'initializing': conversion from 'double' to 'float', possible loss of data
E:\Project2-Tetris\TrainingFramework\src\GameObject\Sprite2D.cpp(155,11): warning C4244: 'initializing': conversion from 'double' to 'float', possible loss of data
  Camera.cpp
  Sprite3D.cpp
  Models.cpp
E:\Project2-Tetris\TrainingFramework\src\GameObject\Models.cpp(10,3): warning C4477: 'printf' : format string '%s' requires an argument of type 'char *', but variadic argument 1 has type 'const std::string'
E:\Project2-Tetris\TrainingFramework\src\GameObject\Models.cpp(13,2): warning C4477: 'printf' : format string '%s' requires an argument of type 'char *', but variadic argument 1 has type 'const std::string'
E:\Project2-Tetris\TrainingFramework\src\GameObject\Models.cpp(25,18): warning C4244: 'initializing': conversion from 'std::streamoff' to 'size_t', possible loss of data
E:\Project2-Tetris\TrainingFramework\src\GameObject\Models.cpp(35,12): warning C4996: 'sscanf': This function or variable may be unsafe. Consider using sscanf_s instead. To disable deprecation, use _CRT_SECURE_NO_WARNINGS. See online help for details.
E:\Project2-Tetris\TrainingFramework\src\GameObject\Models.cpp(40,9): warning C4996: 'sscanf': This function or variable may be unsafe. Consider using sscanf_s instead. To disable deprecation, use _CRT_SECURE_NO_WARNINGS. See online help for details.
E:\Project2-Tetris\TrainingFramework\src\GameObject\Models.cpp(62,8): warning C4996: 'sscanf': This function or variable may be unsafe. Consider using sscanf_s instead. To disable deprecation, use _CRT_SECURE_NO_WARNINGS. See online help for details.
E:\Project2-Tetris\TrainingFramework\src\GameObject\Models.cpp(68,9): warning C4996: 'sscanf': This function or variable may be unsafe. Consider using sscanf_s instead. To disable deprecation, use _CRT_SECURE_NO_WARNINGS. See online help for details.
  Shaders.cpp
E:\Project2-Tetris\TrainingFramework\src\GameObject\Shaders.cpp(24,3): warning C4477: 'printf' : format string '%s' requires an argument of type 'char *', but variadic argument 1 has type 'const std::string'
E:\Project2-Tetris\TrainingFramework\src\GameObject\Shaders.cpp(31,3): warning C4477: 'printf' : format string '%s' requires an argument of type 'char *', but variadic argument 1 has type 'const std::string'
  SpriteAnimation.cpp
E:\Project2-Tetris\TrainingFramework\src\GameObject\SpriteAnimation.cpp(105,39): warning C4244: 'argument': conversion from 'GLint' to 'GLfloat', possible loss of data
E:\Project2-Tetris\TrainingFramework\src\GameObject\SpriteAnimation.cpp(110,39): warning C4244: 'argument': conversion from 'GLint' to 'GLfloat', possible loss of data
E:\Project2-Tetris\TrainingFramework\src\GameObject\SpriteAnimation.cpp(138,11): warning C4244: 'initializing': conversion from 'double' to 'float', possible loss of data
E:\Project2-Tetris\TrainingFramework\src\GameObject\SpriteAnimation.cpp(139,11): warning C4244: 'initializing': conversion from 'double' to 'float', possible loss of data
E:\Project2-Tetris\TrainingFramework\src\GameObject\SpriteAnimation.cpp(149,11): warning C4244: 'initializing': conversion from 'double' to 'float', possible loss of data
E:\Project2-Tetris\TrainingFramework\src\GameObject\SpriteAnimation.cpp(150,11): warning C4244: 'initializing': conversion from 'double' to 'float', possible loss of data
  Text.cpp
E:\Project2-Tetris\TrainingFramework\src\GameObject\Text.cpp(24,11): warning C4244: 'initializing': conversion from 'double' to 'float', possible loss of data
E:\Project2-Tetris\TrainingFramework\src\GameObject\Text.cpp(25,11): warning C4244: 'initializing': conversion from 'double' to 'float', possible loss of data
E:\Project2-Tetris\TrainingFramework\src\GameObject\Text.cpp(171,11): warning C4244: 'initializing': conversion from 'double' to 'float', possible loss of data
E:\Project2-Tetris\TrainingFramework\src\GameObject\Text.cpp(172,11): warning C4244: 'initializing': conversion from 'double' to 'float', possible loss of data
E:\Project2-Tetris\TrainingFramework\src\GameObject\Text.cpp(182,11): warning C4244: 'initializing': conversion from 'double' to 'float', possible loss of data
E:\Project2-Tetris\TrainingFramework\src\GameObject\Text.cpp(183,11): warning C4244: 'initializing': conversion from 'double' to 'float', possible loss of data
  Texture.cpp
  GameStatebase.cpp
  GameStateMachine.cpp
  GSGameOver.cpp
E:\Project2-Tetris\TrainingFramework\src\GameStates\GSGameOver.cpp(29,60): warning C4244: 'argument': conversion from 'int' to 'GLfloat', possible loss of data
E:\Project2-Tetris\TrainingFramework\src\GameStates\GSGameOver.cpp(29,42): warning C4244: 'argument': conversion from 'int' to 'GLfloat', possible loss of data
E:\Project2-Tetris\TrainingFramework\src\GameStates\GSGameOver.cpp(35,36): warning C4244: 'argument': conversion from 'int' to 'GLfloat', possible loss of data
E:\Project2-Tetris\TrainingFramework\src\GameStates\GSGameOver.cpp(46,36): warning C4244: 'argument': conversion from 'int' to 'GLfloat', possible loss of data
E:\Project2-Tetris\TrainingFramework\src\GameStates\GSGameOver.cpp(58,57): warning C4244: 'argument': conversion from 'int' to 'GLfloat', possible loss of data
C:\Program Files\Microsoft Visual Studio\2019\Community\VC\Tools\MSVC\14.26.28801\include\xmemory(204,33): warning C4244: 'argument': conversion from '_Ty' to 'float', possible loss of data
          with
          [
              _Ty=double
          ]
C:\Program Files\Microsoft Visual Studio\2019\Community\VC\Tools\MSVC\14.26.28801\include\memory(1490): message : see reference to function template instantiation 'void std::_Construct_in_place<_Ty,std::shared_ptr<Shaders>&,std::shared_ptr<Font>&,std::basic_string<char,std::char_traits<char>,std::allocator<char>>,TEXT_COLOR,double>(_Ty &,std::shared_ptr<Shaders> &,std::shared_ptr<Font> &,std::basic_string<char,std::char_traits<char>,std::allocator<char>> &&,TEXT_COLOR &&,double &&) noexcept(false)' being compiled
          with
          [
              _Ty=Text
          ]
C:\Program Files\Microsoft Visual Studio\2019\Community\VC\Tools\MSVC\14.26.28801\include\memory(1588): message : see reference to function template instantiation 'std::_Ref_count_obj2<_Ty>::_Ref_count_obj2<std::shared_ptr<Shaders>&,std::shared_ptr<Font>&,std::basic_string<char,std::char_traits<char>,std::allocator<char>>,TEXT_COLOR,double>(std::shared_ptr<Shaders> &,std::shared_ptr<Font> &,std::basic_string<char,std::char_traits<char>,std::allocator<char>> &&,TEXT_COLOR &&,double &&)' being compiled
          with
          [
              _Ty=Text
          ]
C:\Program Files\Microsoft Visual Studio\2019\Community\VC\Tools\MSVC\14.26.28801\include\memory(1588): message : see reference to function template instantiation 'std::_Ref_count_obj2<_Ty>::_Ref_count_obj2<std::shared_ptr<Shaders>&,std::shared_ptr<Font>&,std::basic_string<char,std::char_traits<char>,std::allocator<char>>,TEXT_COLOR,double>(std::shared_ptr<Shaders> &,std::shared_ptr<Font> &,std::basic_string<char,std::char_traits<char>,std::allocator<char>> &&,TEXT_COLOR &&,double &&)' being compiled
          with
          [
              _Ty=Text
          ]
E:\Project2-Tetris\TrainingFramework\src\GameStates\GSGameOver.cpp(57): message : see reference to function template instantiation 'std::shared_ptr<Text> std::make_shared<Text,std::shared_ptr<Shaders>&,std::shared_ptr<Font>&,std::basic_string<char,std::char_traits<char>,std::allocator<char>>,TEXT_COLOR,double>(std::shared_ptr<Shaders> &,std::shared_ptr<Font> &,std::basic_string<char,std::char_traits<char>,std::allocator<char>> &&,TEXT_COLOR &&,double &&)' being compiled
  GSIntro.cpp
E:\Project2-Tetris\TrainingFramework\src\GameStates\GSIntro.cpp(27,54): warning C4244: 'argument': conversion from 'int' to 'GLfloat', possible loss of data
E:\Project2-Tetris\TrainingFramework\src\GameStates\GSIntro.cpp(27,36): warning C4244: 'argument': conversion from 'int' to 'GLfloat', possible loss of data
  GSMenu.cpp
E:\Project2-Tetris\TrainingFramework\src\GameStates\GSMenu.cpp(27,60): warning C4244: 'argument': conversion from 'int' to 'GLfloat', possible loss of data
E:\Project2-Tetris\TrainingFramework\src\GameStates\GSMenu.cpp(27,42): warning C4244: 'argument': conversion from 'int' to 'GLfloat', possible loss of data
E:\Project2-Tetris\TrainingFramework\src\GameStates\GSMenu.cpp(33,36): warning C4244: 'argument': conversion from 'int' to 'GLfloat', possible loss of data
E:\Project2-Tetris\TrainingFramework\src\GameStates\GSMenu.cpp(43,36): warning C4244: 'argument': conversion from 'int' to 'GLfloat', possible loss of data
E:\Project2-Tetris\TrainingFramework\src\GameStates\GSMenu.cpp(53,36): warning C4244: 'argument': conversion from 'int' to 'GLfloat', possible loss of data
E:\Project2-Tetris\TrainingFramework\src\GameStates\GSMenu.cpp(65,57): warning C4244: 'argument': conversion from 'int' to 'GLfloat', possible loss of data
C:\Program Files\Microsoft Visual Studio\2019\Community\VC\Tools\MSVC\14.26.28801\include\xmemory(204,33): warning C4244: 'argument': conversion from '_Ty' to 'float', possible loss of data
          with
          [
              _Ty=double
          ]
C:\Program Files\Microsoft Visual Studio\2019\Community\VC\Tools\MSVC\14.26.28801\include\memory(1490): message : see reference to function template instantiation 'void std::_Construct_in_place<_Ty,std::shared_ptr<Shaders>&,std::shared_ptr<Font>&,const char(&)[7],TEXT_COLOR,double>(_Ty &,std::shared_ptr<Shaders> &,std::shared_ptr<Font> &,const char (&)[7],TEXT_COLOR &&,double &&) noexcept(false)' being compiled
          with
          [
              _Ty=Text
          ]
C:\Program Files\Microsoft Visual Studio\2019\Community\VC\Tools\MSVC\14.26.28801\include\memory(1588): message : see reference to function template instantiation 'std::_Ref_count_obj2<_Ty>::_Ref_count_obj2<std::shared_ptr<Shaders>&,std::shared_ptr<Font>&,const char(&)[7],TEXT_COLOR,double>(std::shared_ptr<Shaders> &,std::shared_ptr<Font> &,const char (&)[7],TEXT_COLOR &&,double &&)' being compiled
          with
          [
              _Ty=Text
          ]
C:\Program Files\Microsoft Visual Studio\2019\Community\VC\Tools\MSVC\14.26.28801\include\memory(1588): message : see reference to function template instantiation 'std::_Ref_count_obj2<_Ty>::_Ref_count_obj2<std::shared_ptr<Shaders>&,std::shared_ptr<Font>&,const char(&)[7],TEXT_COLOR,double>(std::shared_ptr<Shaders> &,std::shared_ptr<Font> &,const char (&)[7],TEXT_COLOR &&,double &&)' being compiled
          with
          [
              _Ty=Text
          ]
E:\Project2-Tetris\TrainingFramework\src\GameStates\GSMenu.cpp(64): message : see reference to function template instantiation 'std::shared_ptr<Text> std::make_shared<Text,std::shared_ptr<Shaders>&,std::shared_ptr<Font>&,const char(&)[7],TEXT_COLOR,double>(std::shared_ptr<Shaders> &,std::shared_ptr<Font> &,const char (&)[7],TEXT_COLOR &&,double &&)' being compiled
  GSPauseMenu.cpp
E:\Project2-Tetris\TrainingFramework\src\GameStates\GSPauseMenu.cpp(27,60): warning C4244: 'argument': conversion from 'int' to 'GLfloat', possible loss of data
E:\Project2-Tetris\TrainingFramework\src\GameStates\GSPauseMenu.cpp(27,42): warning C4244: 'argument': conversion from 'int' to 'GLfloat', possible loss of data
E:\Project2-Tetris\TrainingFramework\src\GameStates\GSPauseMenu.cpp(33,36): warning C4244: 'argument': conversion from 'int' to 'GLfloat', possible loss of data
E:\Project2-Tetris\TrainingFramework\src\GameStates\GSPauseMenu.cpp(44,57): warning C4244: 'argument': conversion from 'int' to 'GLfloat', possible loss of data
C:\Program Files\Microsoft Visual Studio\2019\Community\VC\Tools\MSVC\14.26.28801\include\xmemory(204,33): warning C4244: 'argument': conversion from '_Ty' to 'float', possible loss of data
          with
          [
              _Ty=double
          ]
C:\Program Files\Microsoft Visual Studio\2019\Community\VC\Tools\MSVC\14.26.28801\include\memory(1490): message : see reference to function template instantiation 'void std::_Construct_in_place<_Ty,std::shared_ptr<Shaders>&,std::shared_ptr<Font>&,const char(&)[6],TEXT_COLOR,double>(_Ty &,std::shared_ptr<Shaders> &,std::shared_ptr<Font> &,const char (&)[6],TEXT_COLOR &&,double &&) noexcept(false)' being compiled
          with
          [
              _Ty=Text
          ]
C:\Program Files\Microsoft Visual Studio\2019\Community\VC\Tools\MSVC\14.26.28801\include\memory(1588): message : see reference to function template instantiation 'std::_Ref_count_obj2<_Ty>::_Ref_count_obj2<std::shared_ptr<Shaders>&,std::shared_ptr<Font>&,const char(&)[6],TEXT_COLOR,double>(std::shared_ptr<Shaders> &,std::shared_ptr<Font> &,const char (&)[6],TEXT_COLOR &&,double &&)' being compiled
          with
          [
              _Ty=Text
          ]
C:\Program Files\Microsoft Visual Studio\2019\Community\VC\Tools\MSVC\14.26.28801\include\memory(1588): message : see reference to function template instantiation 'std::_Ref_count_obj2<_Ty>::_Ref_count_obj2<std::shared_ptr<Shaders>&,std::shared_ptr<Font>&,const char(&)[6],TEXT_COLOR,double>(std::shared_ptr<Shaders> &,std::shared_ptr<Font> &,const char (&)[6],TEXT_COLOR &&,double &&)' being compiled
          with
          [
              _Ty=Text
          ]
E:\Project2-Tetris\TrainingFramework\src\GameStates\GSPauseMenu.cpp(43): message : see reference to function template instantiation 'std::shared_ptr<Text> std::make_shared<Text,std::shared_ptr<Shaders>&,std::shared_ptr<Font>&,const char(&)[6],TEXT_COLOR,double>(std::shared_ptr<Shaders> &,std::shared_ptr<Font> &,const char (&)[6],TEXT_COLOR &&,double &&)' being compiled
  GSPlay.cpp
E:\Project2-Tetris\TrainingFramework\src\GameStates\GSPlay.cpp(108,61): warning C4244: 'argument': conversion from 'double' to 'GLfloat', possible loss of data
E:\Project2-Tetris\TrainingFramework\src\GameStates\GSPlay.cpp(108,42): warning C4244: 'argument': conversion from 'double' to 'GLfloat', possible loss of data
E:\Project2-Tetris\TrainingFramework\src\GameStates\GSPlay.cpp(110,38): warning C4244: 'argument': conversion from 'double' to 'GLint', possible loss of data
E:\Project2-Tetris\TrainingFramework\src\GameStates\GSPlay.cpp(110,32): warning C4244: 'argument': conversion from 'double' to 'GLint', possible loss of data
E:\Project2-Tetris\TrainingFramework\src\GameStates\GSPlay.cpp(119,60): warning C4244: 'argument': conversion from 'int' to 'GLfloat', possible loss of data
E:\Project2-Tetris\TrainingFramework\src\GameStates\GSPlay.cpp(119,42): warning C4244: 'argument': conversion from 'int' to 'GLfloat', possible loss of data
E:\Project2-Tetris\TrainingFramework\src\GameStates\GSPlay.cpp(454,62): warning C4244: 'argument': conversion from 'double' to 'GLfloat', possible loss of data
E:\Project2-Tetris\TrainingFramework\src\GameStates\GSPlay.cpp(454,43): warning C4244: 'argument': conversion from 'double' to 'GLfloat', possible loss of data
E:\Project2-Tetris\TrainingFramework\src\GameStates\GSPlay.cpp(456,39): warning C4244: 'argument': conversion from 'double' to 'GLint', possible loss of data
E:\Project2-Tetris\TrainingFramework\src\GameStates\GSPlay.cpp(456,33): warning C4244: 'argument': conversion from 'double' to 'GLint', possible loss of data
C:\Program Files\Microsoft Visual Studio\2019\Community\VC\Tools\MSVC\14.26.28801\include\xmemory(204,33): warning C4244: 'argument': conversion from '_Ty' to 'float', possible loss of data
          with
          [
              _Ty=double
          ]
C:\Program Files\Microsoft Visual Studio\2019\Community\VC\Tools\MSVC\14.26.28801\include\memory(1490): message : see reference to function template instantiation 'void std::_Construct_in_place<_Ty,std::shared_ptr<Shaders>&,std::shared_ptr<Font>&,std::basic_string<char,std::char_traits<char>,std::allocator<char>>,TEXT_COLOR,double>(_Ty &,std::shared_ptr<Shaders> &,std::shared_ptr<Font> &,std::basic_string<char,std::char_traits<char>,std::allocator<char>> &&,TEXT_COLOR &&,double &&) noexcept(false)' being compiled
          with
          [
              _Ty=Text
          ]
C:\Program Files\Microsoft Visual Studio\2019\Community\VC\Tools\MSVC\14.26.28801\include\memory(1588): message : see reference to function template instantiation 'std::_Ref_count_obj2<_Ty>::_Ref_count_obj2<std::shared_ptr<Shaders>&,std::shared_ptr<Font>&,std::basic_string<char,std::char_traits<char>,std::allocator<char>>,TEXT_COLOR,double>(std::shared_ptr<Shaders> &,std::shared_ptr<Font> &,std::basic_string<char,std::char_traits<char>,std::allocator<char>> &&,TEXT_COLOR &&,double &&)' being compiled
          with
          [
              _Ty=Text
          ]
C:\Program Files\Microsoft Visual Studio\2019\Community\VC\Tools\MSVC\14.26.28801\include\memory(1588): message : see reference to function template instantiation 'std::_Ref_count_obj2<_Ty>::_Ref_count_obj2<std::shared_ptr<Shaders>&,std::shared_ptr<Font>&,std::basic_string<char,std::char_traits<char>,std::allocator<char>>,TEXT_COLOR,double>(std::shared_ptr<Shaders> &,std::shared_ptr<Font> &,std::basic_string<char,std::char_traits<char>,std::allocator<char>> &&,TEXT_COLOR &&,double &&)' being compiled
          with
          [
              _Ty=Text
          ]
E:\Project2-Tetris\TrainingFramework\src\GameStates\GSPlay.cpp(185): message : see reference to function template instantiation 'std::shared_ptr<Text> std::make_shared<Text,std::shared_ptr<Shaders>&,std::shared_ptr<Font>&,std::string,TEXT_COLOR,double>(std::shared_ptr<Shaders> &,std::shared_ptr<Font> &,std::string &&,TEXT_COLOR &&,double &&)' being compiled
  GSSetting.cpp
E:\Project2-Tetris\TrainingFramework\src\GameStates\GSSetting.cpp(28,60): warning C4244: 'argument': conversion from 'int' to 'GLfloat', possible loss of data
E:\Project2-Tetris\TrainingFramework\src\GameStates\GSSetting.cpp(28,42): warning C4244: 'argument': conversion from 'int' to 'GLfloat', possible loss of data
E:\Project2-Tetris\TrainingFramework\src\GameStates\GSSetting.cpp(34,36): warning C4244: 'argument': conversion from 'int' to 'GLfloat', possible loss of data
E:\Project2-Tetris\TrainingFramework\src\GameStates\GSSetting.cpp(44,36): warning C4244: 'argument': conversion from 'int' to 'GLfloat', possible loss of data
E:\Project2-Tetris\TrainingFramework\src\GameStates\GSSetting.cpp(54,36): warning C4244: 'argument': conversion from 'int' to 'GLfloat', possible loss of data
E:\Project2-Tetris\TrainingFramework\src\GameStates\GSSetting.cpp(65,46): warning C4244: 'argument': conversion from 'int' to 'GLfloat', possible loss of data
E:\Project2-Tetris\TrainingFramework\src\GameStates\GSSetting.cpp(69,46): warning C4244: 'argument': conversion from 'int' to 'GLfloat', possible loss of data
E:\Project2-Tetris\TrainingFramework\src\GameStates\GSSetting.cpp(73,46): warning C4244: 'argument': conversion from 'int' to 'GLfloat', possible loss of data
E:\Project2-Tetris\TrainingFramework\src\GameStates\GSSetting.cpp(137,40): warning C4244: 'argument': conversion from 'int' to 'GLfloat', possible loss of data
E:\Project2-Tetris\TrainingFramework\src\GameStates\GSSetting.cpp(146,38): warning C4244: 'argument': conversion from 'int' to 'GLfloat', possible loss of data
E:\Project2-Tetris\TrainingFramework\src\GameStates\GSSetting.cpp(164,40): warning C4244: 'argument': conversion from 'int' to 'GLfloat', possible loss of data
E:\Project2-Tetris\TrainingFramework\src\GameStates\GSSetting.cpp(173,38): warning C4244: 'argument': conversion from 'int' to 'GLfloat', possible loss of data
C:\Program Files\Microsoft Visual Studio\2019\Community\VC\Tools\MSVC\14.26.28801\include\xmemory(204,33): warning C4244: 'argument': conversion from '_Ty' to 'float', possible loss of data
          with
          [
              _Ty=double
          ]
C:\Program Files\Microsoft Visual Studio\2019\Community\VC\Tools\MSVC\14.26.28801\include\memory(1490): message : see reference to function template instantiation 'void std::_Construct_in_place<_Ty,std::shared_ptr<Shaders>&,std::shared_ptr<Font>&,const char(&)[8],TEXT_COLOR,double>(_Ty &,std::shared_ptr<Shaders> &,std::shared_ptr<Font> &,const char (&)[8],TEXT_COLOR &&,double &&) noexcept(false)' being compiled
          with
          [
              _Ty=Text
          ]
C:\Program Files\Microsoft Visual Studio\2019\Community\VC\Tools\MSVC\14.26.28801\include\memory(1588): message : see reference to function template instantiation 'std::_Ref_count_obj2<_Ty>::_Ref_count_obj2<std::shared_ptr<Shaders>&,std::shared_ptr<Font>&,const char(&)[8],TEXT_COLOR,double>(std::shared_ptr<Shaders> &,std::shared_ptr<Font> &,const char (&)[8],TEXT_COLOR &&,double &&)' being compiled
          with
          [
              _Ty=Text
          ]
C:\Program Files\Microsoft Visual Studio\2019\Community\VC\Tools\MSVC\14.26.28801\include\memory(1588): message : see reference to function template instantiation 'std::_Ref_count_obj2<_Ty>::_Ref_count_obj2<std::shared_ptr<Shaders>&,std::shared_ptr<Font>&,const char(&)[8],TEXT_COLOR,double>(std::shared_ptr<Shaders> &,std::shared_ptr<Font> &,const char (&)[8],TEXT_COLOR &&,double &&)' being compiled
          with
          [
              _Ty=Text
          ]
E:\Project2-Tetris\TrainingFramework\src\GameStates\GSSetting.cpp(64): message : see reference to function template instantiation 'std::shared_ptr<Text> std::make_shared<Text,std::shared_ptr<Shaders>&,std::shared_ptr<Font>&,const char(&)[8],TEXT_COLOR,double>(std::shared_ptr<Shaders> &,std::shared_ptr<Font> &,const char (&)[8],TEXT_COLOR &&,double &&)' being compiled
  Compiling...
  TrainingFramework.cpp
E:\Project2-Tetris\TrainingFramework\src\TrainingFramework.cpp(46,12): warning C4244: 'argument': conversion from 'time_t' to 'unsigned int', possible loss of data
LINK : warning LNK4098: defaultlib 'LIBCMT' conflicts with use of other libs; use /NODEFAULTLIB:library
  Generating code
  Previous IPDB not found, fall back to full compilation.
  All 1667 functions were compiled because no usable IPDB/IOBJ from previous compilation was found.
  Finished generating code
  TrainingFramework.vcxproj -> E:\Project2-Tetris\\BIN-Nvidia\Tetris.exe
