C:\Program Files\Microsoft Visual Studio\2019\Community\MSBuild\Microsoft\VC\v160\Microsoft.CppBuild.targets(467,5): warning MSB8028: The intermediate directory (Release-Nvidia\) contains files shared from another project (TrainingFramework.vcxproj).  This can lead to incorrect clean and rebuild behavior.
  GSSetting.cpp
E:\Project2-Tetris\TrainingFramework\src\GameStates\GSSetting.cpp(28,60): warning C4244: 'argument': conversion from 'int' to 'GLfloat', possible loss of data
E:\Project2-Tetris\TrainingFramework\src\GameStates\GSSetting.cpp(28,42): warning C4244: 'argument': conversion from 'int' to 'GLfloat', possible loss of data
E:\Project2-Tetris\TrainingFramework\src\GameStates\GSSetting.cpp(34,36): warning C4244: 'argument': conversion from 'int' to 'GLfloat', possible loss of data
E:\Project2-Tetris\TrainingFramework\src\GameStates\GSSetting.cpp(44,36): warning C4244: 'argument': conversion from 'int' to 'GLfloat', possible loss of data
E:\Project2-Tetris\TrainingFramework\src\GameStates\GSSetting.cpp(54,36): warning C4244: 'argument': conversion from 'int' to 'GLfloat', possible loss of data
E:\Project2-Tetris\TrainingFramework\src\GameStates\GSSetting.cpp(65,46): warning C4244: 'argument': conversion from 'int' to 'GLfloat', possible loss of data
E:\Project2-Tetris\TrainingFramework\src\GameStates\GSSetting.cpp(69,46): warning C4244: 'argument': conversion from 'int' to 'GLfloat', possible loss of data
E:\Project2-Tetris\TrainingFramework\src\GameStates\GSSetting.cpp(73,46): warning C4244: 'argument': conversion from 'int' to 'GLfloat', possible loss of data
E:\Project2-Tetris\TrainingFramework\src\GameStates\GSSetting.cpp(137,40): warning C4244: 'argument': conversion from 'int' to 'GLfloat', possible loss of data
E:\Project2-Tetris\TrainingFramework\src\GameStates\GSSetting.cpp(146,38): warning C4244: 'argument': conversion from 'int' to 'GLfloat', possible loss of data
E:\Project2-Tetris\TrainingFramework\src\GameStates\GSSetting.cpp(164,40): warning C4244: 'argument': conversion from 'int' to 'GLfloat', possible loss of data
E:\Project2-Tetris\TrainingFramework\src\GameStates\GSSetting.cpp(173,38): warning C4244: 'argument': conversion from 'int' to 'GLfloat', possible loss of data
C:\Program Files\Microsoft Visual Studio\2019\Community\VC\Tools\MSVC\14.26.28801\include\xmemory(204,33): warning C4244: 'argument': conversion from '_Ty' to 'float', possible loss of data
          with
          [
              _Ty=double
          ]
C:\Program Files\Microsoft Visual Studio\2019\Community\VC\Tools\MSVC\14.26.28801\include\memory(1490): message : see reference to function template instantiation 'void std::_Construct_in_place<_Ty,std::shared_ptr<Shaders>&,std::shared_ptr<Font>&,const char(&)[8],TEXT_COLOR,double>(_Ty &,std::shared_ptr<Shaders> &,std::shared_ptr<Font> &,const char (&)[8],TEXT_COLOR &&,double &&) noexcept(false)' being compiled
          with
          [
              _Ty=Text
          ]
C:\Program Files\Microsoft Visual Studio\2019\Community\VC\Tools\MSVC\14.26.28801\include\memory(1588): message : see reference to function template instantiation 'std::_Ref_count_obj2<_Ty>::_Ref_count_obj2<std::shared_ptr<Shaders>&,std::shared_ptr<Font>&,const char(&)[8],TEXT_COLOR,double>(std::shared_ptr<Shaders> &,std::shared_ptr<Font> &,const char (&)[8],TEXT_COLOR &&,double &&)' being compiled
          with
          [
              _Ty=Text
          ]
C:\Program Files\Microsoft Visual Studio\2019\Community\VC\Tools\MSVC\14.26.28801\include\memory(1588): message : see reference to function template instantiation 'std::_Ref_count_obj2<_Ty>::_Ref_count_obj2<std::shared_ptr<Shaders>&,std::shared_ptr<Font>&,const char(&)[8],TEXT_COLOR,double>(std::shared_ptr<Shaders> &,std::shared_ptr<Font> &,const char (&)[8],TEXT_COLOR &&,double &&)' being compiled
          with
          [
              _Ty=Text
          ]
E:\Project2-Tetris\TrainingFramework\src\GameStates\GSSetting.cpp(64): message : see reference to function template instantiation 'std::shared_ptr<Text> std::make_shared<Text,std::shared_ptr<Shaders>&,std::shared_ptr<Font>&,const char(&)[8],TEXT_COLOR,double>(std::shared_ptr<Shaders> &,std::shared_ptr<Font> &,const char (&)[8],TEXT_COLOR &&,double &&)' being compiled
LINK : warning LNK4098: defaultlib 'LIBCMT' conflicts with use of other libs; use /NODEFAULTLIB:library
  Generating code
  4 of 1667 functions ( 0.2%) were compiled, the rest were copied from previous compilation.
    3 functions were new in current compilation
    8 functions had inline decision re-evaluated but remain unchanged
  Finished generating code
  TrainingFramework.vcxproj -> E:\Project2-Tetris\\BIN-Nvidia\Tetris.exe
